{"C:\\Users\\Yz\\Dropbox\\CODINGs\\xml-js-json\\lib\\index.js":{"path":"C:\\Users\\Yz\\Dropbox\\CODINGs\\xml-js-json\\lib\\index.js","s":{"1":1},"b":{},"f":{},"fnMap":{},"statementMap":{"1":{"start":{"line":3,"column":0},"end":{"line":7,"column":2}}},"branchMap":{}},"C:\\Users\\Yz\\Dropbox\\CODINGs\\xml-js-json\\lib\\xml2js.js":{"path":"C:\\Users\\Yz\\Dropbox\\CODINGs\\xml-js-json\\lib\\xml2js.js","s":{"1":1,"2":1,"3":1,"4":1,"5":1,"6":1,"7":11,"8":11,"9":1,"10":11,"11":1,"12":11,"13":1,"14":11,"15":1,"16":11,"17":1,"18":11,"19":1,"20":11,"21":11,"22":11,"23":11,"24":11,"25":11,"26":11,"27":11,"28":11,"29":11,"30":11,"31":11,"32":0,"33":0,"34":0,"35":0,"36":0,"37":11,"38":11,"39":0,"40":0,"41":11,"42":11,"43":11,"44":11,"45":11,"46":1,"47":2,"48":0,"49":2,"50":2,"51":3,"52":3,"53":1,"54":2,"55":1,"56":2,"57":2,"58":1,"59":9,"60":9,"61":9,"62":9,"63":0,"64":0,"65":0,"66":0,"67":0,"68":9,"69":1,"70":9,"71":9,"72":9,"73":0,"74":1,"75":2,"76":0,"77":2,"78":0,"79":2,"80":0,"81":2,"82":0,"83":2,"84":2,"85":2,"86":0,"87":2,"88":1,"89":3,"90":0,"91":3,"92":0,"93":3,"94":0,"95":3,"96":0,"97":3,"98":0,"99":3,"100":1,"101":9,"102":9,"103":9,"104":0,"105":9,"106":9,"107":1,"108":0,"109":0,"110":0,"111":0,"112":0,"113":0,"114":0,"115":0,"116":0,"117":0,"118":0,"119":1,"120":0,"121":1,"122":0,"123":1,"124":0,"125":0,"126":0,"127":0,"128":0,"129":0,"130":0,"131":0,"132":0,"133":0,"134":0,"135":0,"136":0},"b":{"1":[11,0],"2":[1,10],"3":[11,10],"4":[1,10],"5":[11,10],"6":[1,10],"7":[11,10],"8":[1,10],"9":[11,10],"10":[1,10],"11":[11,10],"12":[11,0],"13":[11,0],"14":[11,0],"15":[0,0],"16":[0,2],"17":[1,2],"18":[1,1],"19":[9,0],"20":[0,9],"21":[0,0],"22":[1,8],"23":[0,9],"24":[0,2],"25":[0,2],"26":[0,2],"27":[0,2],"28":[0,0],"29":[2,0],"30":[0,2],"31":[0,3],"32":[0,3],"33":[0,3],"34":[0,0],"35":[0,3],"36":[0,3],"37":[0,9],"38":[9,0],"39":[0,9],"40":[0,0],"41":[0,0],"42":[0,0],"43":[0,0],"44":[0,0],"45":[0,0],"46":[0,0],"47":[0,0],"48":[0,0],"49":[0,0],"50":[0,0],"51":[0,0]},"f":{"1":11,"2":11,"3":2,"4":9,"5":0,"6":2,"7":3,"8":9,"9":0,"10":0,"11":0,"12":0},"fnMap":{"1":{"name":"validateOptions","line":10,"loc":{"start":{"line":10,"column":0},"end":{"line":10,"column":35}}},"2":{"name":"(anonymous_2)","line":30,"loc":{"start":{"line":30,"column":17},"end":{"line":30,"column":44}}},"3":{"name":"onDeclaration","line":74,"loc":{"start":{"line":74,"column":0},"end":{"line":74,"column":36}}},"4":{"name":"onStartElement","line":93,"loc":{"start":{"line":93,"column":0},"end":{"line":93,"column":42}}},"5":{"name":"(anonymous_5)","line":105,"loc":{"start":{"line":105,"column":43},"end":{"line":105,"column":59}}},"6":{"name":"onText","line":124,"loc":{"start":{"line":124,"column":0},"end":{"line":124,"column":22}}},"7":{"name":"onComment","line":153,"loc":{"start":{"line":153,"column":0},"end":{"line":153,"column":28}}},"8":{"name":"onEndElement","line":178,"loc":{"start":{"line":178,"column":0},"end":{"line":178,"column":29}}},"9":{"name":"onCdata","line":191,"loc":{"start":{"line":191,"column":0},"end":{"line":191,"column":24}}},"10":{"name":"onError","line":216,"loc":{"start":{"line":216,"column":0},"end":{"line":216,"column":24}}},"11":{"name":"sanitize","line":220,"loc":{"start":{"line":220,"column":0},"end":{"line":220,"column":24}}},"12":{"name":"coerce","line":224,"loc":{"start":{"line":224,"column":0},"end":{"line":224,"column":28}}}},"statementMap":{"1":{"start":{"line":2,"column":0},"end":{"line":2,"column":25}},"2":{"start":{"line":3,"column":0},"end":{"line":3,"column":15}},"3":{"start":{"line":6,"column":0},"end":{"line":6,"column":12}},"4":{"start":{"line":7,"column":0},"end":{"line":7,"column":24}},"5":{"start":{"line":8,"column":0},"end":{"line":8,"column":19}},"6":{"start":{"line":10,"column":0},"end":{"line":28,"column":1}},"7":{"start":{"line":11,"column":4},"end":{"line":11,"column":28}},"8":{"start":{"line":12,"column":4},"end":{"line":14,"column":5}},"9":{"start":{"line":13,"column":8},"end":{"line":13,"column":38}},"10":{"start":{"line":15,"column":4},"end":{"line":17,"column":5}},"11":{"start":{"line":16,"column":8},"end":{"line":16,"column":38}},"12":{"start":{"line":18,"column":4},"end":{"line":20,"column":5}},"13":{"start":{"line":19,"column":8},"end":{"line":19,"column":34}},"14":{"start":{"line":21,"column":4},"end":{"line":23,"column":5}},"15":{"start":{"line":22,"column":8},"end":{"line":22,"column":29}},"16":{"start":{"line":24,"column":4},"end":{"line":26,"column":5}},"17":{"start":{"line":25,"column":8},"end":{"line":25,"column":33}},"18":{"start":{"line":27,"column":4},"end":{"line":27,"column":19}},"19":{"start":{"line":30,"column":0},"end":{"line":72,"column":2}},"20":{"start":{"line":32,"column":4},"end":{"line":32,"column":90}},"21":{"start":{"line":33,"column":4},"end":{"line":33,"column":32}},"22":{"start":{"line":34,"column":4},"end":{"line":34,"column":28}},"23":{"start":{"line":36,"column":4},"end":{"line":36,"column":43}},"24":{"start":{"line":38,"column":4},"end":{"line":55,"column":5}},"25":{"start":{"line":39,"column":8},"end":{"line":39,"column":42}},"26":{"start":{"line":40,"column":8},"end":{"line":40,"column":31}},"27":{"start":{"line":41,"column":8},"end":{"line":41,"column":37}},"28":{"start":{"line":42,"column":8},"end":{"line":42,"column":41}},"29":{"start":{"line":43,"column":8},"end":{"line":43,"column":33}},"30":{"start":{"line":44,"column":8},"end":{"line":44,"column":33}},"31":{"start":{"line":45,"column":8},"end":{"line":45,"column":55}},"32":{"start":{"line":47,"column":8},"end":{"line":47,"column":50}},"33":{"start":{"line":48,"column":8},"end":{"line":48,"column":34}},"34":{"start":{"line":49,"column":8},"end":{"line":49,"column":40}},"35":{"start":{"line":50,"column":8},"end":{"line":50,"column":46}},"36":{"start":{"line":51,"column":8},"end":{"line":51,"column":36}},"37":{"start":{"line":57,"column":4},"end":{"line":63,"column":5}},"38":{"start":{"line":58,"column":8},"end":{"line":58,"column":34}},"39":{"start":{"line":60,"column":8},"end":{"line":62,"column":9}},"40":{"start":{"line":61,"column":12},"end":{"line":61,"column":71}},"41":{"start":{"line":65,"column":4},"end":{"line":65,"column":31}},"42":{"start":{"line":66,"column":4},"end":{"line":66,"column":27}},"43":{"start":{"line":67,"column":4},"end":{"line":67,"column":27}},"44":{"start":{"line":68,"column":4},"end":{"line":68,"column":23}},"45":{"start":{"line":70,"column":4},"end":{"line":70,"column":18}},"46":{"start":{"line":74,"column":0},"end":{"line":91,"column":1}},"47":{"start":{"line":75,"column":4},"end":{"line":77,"column":5}},"48":{"start":{"line":76,"column":8},"end":{"line":76,"column":15}},"49":{"start":{"line":78,"column":4},"end":{"line":78,"column":36}},"50":{"start":{"line":79,"column":4},"end":{"line":89,"column":5}},"51":{"start":{"line":80,"column":8},"end":{"line":80,"column":95}},"52":{"start":{"line":81,"column":8},"end":{"line":83,"column":9}},"53":{"start":{"line":82,"column":12},"end":{"line":82,"column":19}},"54":{"start":{"line":84,"column":8},"end":{"line":86,"column":9}},"55":{"start":{"line":85,"column":12},"end":{"line":85,"column":55}},"56":{"start":{"line":87,"column":8},"end":{"line":87,"column":75}},"57":{"start":{"line":88,"column":8},"end":{"line":88,"column":71}},"58":{"start":{"line":93,"column":0},"end":{"line":122,"column":1}},"59":{"start":{"line":94,"column":4},"end":{"line":97,"column":5}},"60":{"start":{"line":95,"column":8},"end":{"line":95,"column":37}},"61":{"start":{"line":96,"column":8},"end":{"line":96,"column":25}},"62":{"start":{"line":98,"column":4},"end":{"line":120,"column":5}},"63":{"start":{"line":99,"column":8},"end":{"line":103,"column":9}},"64":{"start":{"line":100,"column":12},"end":{"line":102,"column":61}},"65":{"start":{"line":104,"column":8},"end":{"line":104,"column":46}},"66":{"start":{"line":105,"column":8},"end":{"line":107,"column":11}},"67":{"start":{"line":106,"column":12},"end":{"line":106,"column":50}},"68":{"start":{"line":109,"column":8},"end":{"line":111,"column":9}},"69":{"start":{"line":110,"column":12},"end":{"line":110,"column":41}},"70":{"start":{"line":112,"column":8},"end":{"line":115,"column":60}},"71":{"start":{"line":116,"column":8},"end":{"line":116,"column":85}},"72":{"start":{"line":117,"column":8},"end":{"line":119,"column":9}},"73":{"start":{"line":118,"column":12},"end":{"line":118,"column":41}},"74":{"start":{"line":124,"column":0},"end":{"line":151,"column":1}},"75":{"start":{"line":126,"column":4},"end":{"line":128,"column":5}},"76":{"start":{"line":127,"column":8},"end":{"line":127,"column":27}},"77":{"start":{"line":129,"column":4},"end":{"line":131,"column":5}},"78":{"start":{"line":130,"column":8},"end":{"line":130,"column":28}},"79":{"start":{"line":132,"column":4},"end":{"line":134,"column":5}},"80":{"start":{"line":133,"column":8},"end":{"line":133,"column":30}},"81":{"start":{"line":135,"column":4},"end":{"line":149,"column":5}},"82":{"start":{"line":136,"column":8},"end":{"line":136,"column":66}},"83":{"start":{"line":138,"column":8},"end":{"line":140,"column":9}},"84":{"start":{"line":139,"column":12},"end":{"line":139,"column":41}},"85":{"start":{"line":141,"column":8},"end":{"line":148,"column":9}},"86":{"start":{"line":142,"column":12},"end":{"line":144,"column":64}},"87":{"start":{"line":146,"column":12},"end":{"line":147,"column":52}},"88":{"start":{"line":153,"column":0},"end":{"line":176,"column":1}},"89":{"start":{"line":154,"column":4},"end":{"line":156,"column":5}},"90":{"start":{"line":155,"column":8},"end":{"line":155,"column":33}},"91":{"start":{"line":157,"column":4},"end":{"line":159,"column":5}},"92":{"start":{"line":158,"column":8},"end":{"line":158,"column":36}},"93":{"start":{"line":160,"column":4},"end":{"line":174,"column":5}},"94":{"start":{"line":161,"column":8},"end":{"line":161,"column":75}},"95":{"start":{"line":163,"column":8},"end":{"line":165,"column":9}},"96":{"start":{"line":164,"column":12},"end":{"line":164,"column":41}},"97":{"start":{"line":166,"column":8},"end":{"line":173,"column":9}},"98":{"start":{"line":167,"column":12},"end":{"line":169,"column":64}},"99":{"start":{"line":171,"column":12},"end":{"line":172,"column":55}},"100":{"start":{"line":178,"column":0},"end":{"line":189,"column":1}},"101":{"start":{"line":179,"column":4},"end":{"line":179,"column":95}},"102":{"start":{"line":180,"column":4},"end":{"line":186,"column":5}},"103":{"start":{"line":181,"column":8},"end":{"line":185,"column":9}},"104":{"start":{"line":182,"column":12},"end":{"line":182,"column":42}},"105":{"start":{"line":184,"column":12},"end":{"line":184,"column":41}},"106":{"start":{"line":187,"column":4},"end":{"line":187,"column":35}},"107":{"start":{"line":191,"column":0},"end":{"line":214,"column":1}},"108":{"start":{"line":192,"column":4},"end":{"line":194,"column":5}},"109":{"start":{"line":193,"column":8},"end":{"line":193,"column":29}},"110":{"start":{"line":195,"column":4},"end":{"line":197,"column":5}},"111":{"start":{"line":196,"column":8},"end":{"line":196,"column":32}},"112":{"start":{"line":198,"column":4},"end":{"line":212,"column":5}},"113":{"start":{"line":199,"column":8},"end":{"line":199,"column":69}},"114":{"start":{"line":201,"column":8},"end":{"line":203,"column":9}},"115":{"start":{"line":202,"column":12},"end":{"line":202,"column":41}},"116":{"start":{"line":204,"column":8},"end":{"line":211,"column":9}},"117":{"start":{"line":205,"column":12},"end":{"line":207,"column":64}},"118":{"start":{"line":209,"column":12},"end":{"line":210,"column":53}},"119":{"start":{"line":216,"column":0},"end":{"line":218,"column":1}},"120":{"start":{"line":217,"column":4},"end":{"line":217,"column":34}},"121":{"start":{"line":220,"column":0},"end":{"line":222,"column":1}},"122":{"start":{"line":221,"column":4},"end":{"line":221,"column":131}},"123":{"start":{"line":224,"column":0},"end":{"line":242,"column":1}},"124":{"start":{"line":225,"column":4},"end":{"line":227,"column":5}},"125":{"start":{"line":226,"column":8},"end":{"line":226,"column":21}},"126":{"start":{"line":228,"column":4},"end":{"line":230,"column":5}},"127":{"start":{"line":229,"column":8},"end":{"line":229,"column":42}},"128":{"start":{"line":231,"column":4},"end":{"line":231,"column":31}},"129":{"start":{"line":232,"column":4},"end":{"line":234,"column":5}},"130":{"start":{"line":233,"column":8},"end":{"line":233,"column":22}},"131":{"start":{"line":235,"column":4},"end":{"line":235,"column":37}},"132":{"start":{"line":236,"column":4},"end":{"line":240,"column":5}},"133":{"start":{"line":237,"column":8},"end":{"line":237,"column":20}},"134":{"start":{"line":238,"column":11},"end":{"line":240,"column":5}},"135":{"start":{"line":239,"column":8},"end":{"line":239,"column":21}},"136":{"start":{"line":241,"column":4},"end":{"line":241,"column":17}}},"branchMap":{"1":{"line":11,"type":"binary-expr","locations":[{"start":{"line":11,"column":14},"end":{"line":11,"column":21}},{"start":{"line":11,"column":25},"end":{"line":11,"column":27}}]},"2":{"line":12,"type":"if","locations":[{"start":{"line":12,"column":4},"end":{"line":12,"column":4}},{"start":{"line":12,"column":4},"end":{"line":12,"column":4}}]},"3":{"line":12,"type":"binary-expr","locations":[{"start":{"line":12,"column":8},"end":{"line":12,"column":37}},{"start":{"line":12,"column":41},"end":{"line":12,"column":83}}]},"4":{"line":15,"type":"if","locations":[{"start":{"line":15,"column":4},"end":{"line":15,"column":4}},{"start":{"line":15,"column":4},"end":{"line":15,"column":4}}]},"5":{"line":15,"type":"binary-expr","locations":[{"start":{"line":15,"column":8},"end":{"line":15,"column":37}},{"start":{"line":15,"column":41},"end":{"line":15,"column":83}}]},"6":{"line":18,"type":"if","locations":[{"start":{"line":18,"column":4},"end":{"line":18,"column":4}},{"start":{"line":18,"column":4},"end":{"line":18,"column":4}}]},"7":{"line":18,"type":"binary-expr","locations":[{"start":{"line":18,"column":8},"end":{"line":18,"column":33}},{"start":{"line":18,"column":37},"end":{"line":18,"column":75}}]},"8":{"line":21,"type":"if","locations":[{"start":{"line":21,"column":4},"end":{"line":21,"column":4}},{"start":{"line":21,"column":4},"end":{"line":21,"column":4}}]},"9":{"line":21,"type":"binary-expr","locations":[{"start":{"line":21,"column":8},"end":{"line":21,"column":28}},{"start":{"line":21,"column":32},"end":{"line":21,"column":65}}]},"10":{"line":24,"type":"if","locations":[{"start":{"line":24,"column":4},"end":{"line":24,"column":4}},{"start":{"line":24,"column":4},"end":{"line":24,"column":4}}]},"11":{"line":24,"type":"binary-expr","locations":[{"start":{"line":24,"column":8},"end":{"line":24,"column":32}},{"start":{"line":24,"column":36},"end":{"line":24,"column":73}}]},"12":{"line":32,"type":"cond-expr","locations":[{"start":{"line":32,"column":32},"end":{"line":32,"column":52}},{"start":{"line":32,"column":55},"end":{"line":32,"column":89}}]},"13":{"line":38,"type":"if","locations":[{"start":{"line":38,"column":4},"end":{"line":38,"column":4}},{"start":{"line":38,"column":4},"end":{"line":38,"column":4}}]},"14":{"line":57,"type":"if","locations":[{"start":{"line":57,"column":4},"end":{"line":57,"column":4}},{"start":{"line":57,"column":4},"end":{"line":57,"column":4}}]},"15":{"line":60,"type":"if","locations":[{"start":{"line":60,"column":8},"end":{"line":60,"column":8}},{"start":{"line":60,"column":8},"end":{"line":60,"column":8}}]},"16":{"line":75,"type":"if","locations":[{"start":{"line":75,"column":4},"end":{"line":75,"column":4}},{"start":{"line":75,"column":4},"end":{"line":75,"column":4}}]},"17":{"line":81,"type":"if","locations":[{"start":{"line":81,"column":8},"end":{"line":81,"column":8}},{"start":{"line":81,"column":8},"end":{"line":81,"column":8}}]},"18":{"line":84,"type":"if","locations":[{"start":{"line":84,"column":8},"end":{"line":84,"column":8}},{"start":{"line":84,"column":8},"end":{"line":84,"column":8}}]},"19":{"line":94,"type":"if","locations":[{"start":{"line":94,"column":4},"end":{"line":94,"column":4}},{"start":{"line":94,"column":4},"end":{"line":94,"column":4}}]},"20":{"line":98,"type":"if","locations":[{"start":{"line":98,"column":4},"end":{"line":98,"column":4}},{"start":{"line":98,"column":4},"end":{"line":98,"column":4}}]},"21":{"line":99,"type":"if","locations":[{"start":{"line":99,"column":8},"end":{"line":99,"column":8}},{"start":{"line":99,"column":8},"end":{"line":99,"column":8}}]},"22":{"line":109,"type":"if","locations":[{"start":{"line":109,"column":8},"end":{"line":109,"column":8}},{"start":{"line":109,"column":8},"end":{"line":109,"column":8}}]},"23":{"line":117,"type":"if","locations":[{"start":{"line":117,"column":8},"end":{"line":117,"column":8}},{"start":{"line":117,"column":8},"end":{"line":117,"column":8}}]},"24":{"line":126,"type":"if","locations":[{"start":{"line":126,"column":4},"end":{"line":126,"column":4}},{"start":{"line":126,"column":4},"end":{"line":126,"column":4}}]},"25":{"line":129,"type":"if","locations":[{"start":{"line":129,"column":4},"end":{"line":129,"column":4}},{"start":{"line":129,"column":4},"end":{"line":129,"column":4}}]},"26":{"line":132,"type":"if","locations":[{"start":{"line":132,"column":4},"end":{"line":132,"column":4}},{"start":{"line":132,"column":4},"end":{"line":132,"column":4}}]},"27":{"line":135,"type":"if","locations":[{"start":{"line":135,"column":4},"end":{"line":135,"column":4}},{"start":{"line":135,"column":4},"end":{"line":135,"column":4}}]},"28":{"line":136,"type":"binary-expr","locations":[{"start":{"line":136,"column":32},"end":{"line":136,"column":51}},{"start":{"line":136,"column":55},"end":{"line":136,"column":57}}]},"29":{"line":138,"type":"if","locations":[{"start":{"line":138,"column":8},"end":{"line":138,"column":8}},{"start":{"line":138,"column":8},"end":{"line":138,"column":8}}]},"30":{"line":141,"type":"if","locations":[{"start":{"line":141,"column":8},"end":{"line":141,"column":8}},{"start":{"line":141,"column":8},"end":{"line":141,"column":8}}]},"31":{"line":154,"type":"if","locations":[{"start":{"line":154,"column":4},"end":{"line":154,"column":4}},{"start":{"line":154,"column":4},"end":{"line":154,"column":4}}]},"32":{"line":157,"type":"if","locations":[{"start":{"line":157,"column":4},"end":{"line":157,"column":4}},{"start":{"line":157,"column":4},"end":{"line":157,"column":4}}]},"33":{"line":160,"type":"if","locations":[{"start":{"line":160,"column":4},"end":{"line":160,"column":4}},{"start":{"line":160,"column":4},"end":{"line":160,"column":4}}]},"34":{"line":161,"type":"binary-expr","locations":[{"start":{"line":161,"column":35},"end":{"line":161,"column":57}},{"start":{"line":161,"column":61},"end":{"line":161,"column":63}}]},"35":{"line":163,"type":"if","locations":[{"start":{"line":163,"column":8},"end":{"line":163,"column":8}},{"start":{"line":163,"column":8},"end":{"line":163,"column":8}}]},"36":{"line":166,"type":"if","locations":[{"start":{"line":166,"column":8},"end":{"line":166,"column":8}},{"start":{"line":166,"column":8},"end":{"line":166,"column":8}}]},"37":{"line":179,"type":"cond-expr","locations":[{"start":{"line":179,"column":48},"end":{"line":179,"column":70}},{"start":{"line":179,"column":73},"end":{"line":179,"column":94}}]},"38":{"line":180,"type":"if","locations":[{"start":{"line":180,"column":4},"end":{"line":180,"column":4}},{"start":{"line":180,"column":4},"end":{"line":180,"column":4}}]},"39":{"line":181,"type":"if","locations":[{"start":{"line":181,"column":8},"end":{"line":181,"column":8}},{"start":{"line":181,"column":8},"end":{"line":181,"column":8}}]},"40":{"line":192,"type":"if","locations":[{"start":{"line":192,"column":4},"end":{"line":192,"column":4}},{"start":{"line":192,"column":4},"end":{"line":192,"column":4}}]},"41":{"line":195,"type":"if","locations":[{"start":{"line":195,"column":4},"end":{"line":195,"column":4}},{"start":{"line":195,"column":4},"end":{"line":195,"column":4}}]},"42":{"line":198,"type":"if","locations":[{"start":{"line":198,"column":4},"end":{"line":198,"column":4}},{"start":{"line":198,"column":4},"end":{"line":198,"column":4}}]},"43":{"line":199,"type":"binary-expr","locations":[{"start":{"line":199,"column":33},"end":{"line":199,"column":53}},{"start":{"line":199,"column":57},"end":{"line":199,"column":59}}]},"44":{"line":201,"type":"if","locations":[{"start":{"line":201,"column":8},"end":{"line":201,"column":8}},{"start":{"line":201,"column":8},"end":{"line":201,"column":8}}]},"45":{"line":204,"type":"if","locations":[{"start":{"line":204,"column":8},"end":{"line":204,"column":8}},{"start":{"line":204,"column":8},"end":{"line":204,"column":8}}]},"46":{"line":225,"type":"if","locations":[{"start":{"line":225,"column":4},"end":{"line":225,"column":4}},{"start":{"line":225,"column":4},"end":{"line":225,"column":4}}]},"47":{"line":225,"type":"binary-expr","locations":[{"start":{"line":225,"column":8},"end":{"line":225,"column":23}},{"start":{"line":225,"column":27},"end":{"line":225,"column":46}}]},"48":{"line":228,"type":"if","locations":[{"start":{"line":228,"column":4},"end":{"line":228,"column":4}},{"start":{"line":228,"column":4},"end":{"line":228,"column":4}}]},"49":{"line":232,"type":"if","locations":[{"start":{"line":232,"column":4},"end":{"line":232,"column":4}},{"start":{"line":232,"column":4},"end":{"line":232,"column":4}}]},"50":{"line":236,"type":"if","locations":[{"start":{"line":236,"column":4},"end":{"line":236,"column":4}},{"start":{"line":236,"column":4},"end":{"line":236,"column":4}}]},"51":{"line":238,"type":"if","locations":[{"start":{"line":238,"column":11},"end":{"line":238,"column":11}},{"start":{"line":238,"column":11},"end":{"line":238,"column":11}}]}}},"C:\\Users\\Yz\\Dropbox\\CODINGs\\xml-js-json\\lib\\xml2json.js":{"path":"C:\\Users\\Yz\\Dropbox\\CODINGs\\xml-js-json\\lib\\xml2json.js","s":{"1":1,"2":1,"3":0,"4":0,"5":0,"6":0,"7":0,"8":0,"9":0},"b":{"1":[0,0],"2":[0,0],"3":[0,0]},"f":{"1":0,"2":0},"fnMap":{"1":{"name":"(anonymous_1)","line":4,"loc":{"start":{"line":4,"column":17},"end":{"line":4,"column":40}}},"2":{"name":"(anonymous_2)","line":9,"loc":{"start":{"line":9,"column":34},"end":{"line":9,"column":50}}}},"statementMap":{"1":{"start":{"line":2,"column":0},"end":{"line":2,"column":33}},"2":{"start":{"line":4,"column":0},"end":{"line":17,"column":2}},"3":{"start":{"line":6,"column":4},"end":{"line":6,"column":51}},"4":{"start":{"line":7,"column":4},"end":{"line":7,"column":61}},"5":{"start":{"line":8,"column":4},"end":{"line":14,"column":5}},"6":{"start":{"line":9,"column":8},"end":{"line":11,"column":11}},"7":{"start":{"line":10,"column":12},"end":{"line":10,"column":44}},"8":{"start":{"line":13,"column":8},"end":{"line":13,"column":34}},"9":{"start":{"line":15,"column":4},"end":{"line":15,"column":76}}},"branchMap":{"1":{"line":7,"type":"cond-expr","locations":[{"start":{"line":7,"column":40},"end":{"line":7,"column":49}},{"start":{"line":7,"column":52},"end":{"line":7,"column":60}}]},"2":{"line":8,"type":"if","locations":[{"start":{"line":8,"column":4},"end":{"line":8,"column":4}},{"start":{"line":8,"column":4},"end":{"line":8,"column":4}}]},"3":{"line":10,"type":"cond-expr","locations":[{"start":{"line":10,"column":36},"end":{"line":10,"column":39}},{"start":{"line":10,"column":42},"end":{"line":10,"column":43}}]}}},"C:\\Users\\Yz\\Dropbox\\CODINGs\\xml-js-json\\lib\\json2xml.js":{"path":"C:\\Users\\Yz\\Dropbox\\CODINGs\\xml-js-json\\lib\\json2xml.js","s":{"1":1,"2":1,"3":0,"4":0,"5":0,"6":0,"7":0,"8":0,"9":0,"10":0,"11":0,"12":0,"13":0,"14":1,"15":0,"16":0,"17":0,"18":0,"19":0,"20":0,"21":0,"22":0,"23":0,"24":0,"25":0,"26":0,"27":0,"28":0,"29":0,"30":0,"31":0,"32":0,"33":0,"34":0,"35":0,"36":0,"37":0,"38":0,"39":0,"40":0,"41":0,"42":0,"43":1,"44":0,"45":0,"46":0,"47":1,"48":0,"49":0,"50":0,"51":1,"52":0,"53":0,"54":1,"55":0,"56":0,"57":1,"58":0,"59":0,"60":0,"61":1,"62":0,"63":0,"64":0,"65":0,"66":0,"67":0,"68":0},"b":{"1":[0,0],"2":[0,0],"3":[0,0],"4":[0,0,0,0],"5":[0,0],"6":[0,0],"7":[0,0],"8":[0,0],"9":[0,0],"10":[0,0],"11":[0,0],"12":[0,0],"13":[0,0]},"f":{"1":0,"2":0,"3":0,"4":0,"5":0,"6":0,"7":0,"8":0,"9":0},"fnMap":{"1":{"name":"(anonymous_1)","line":3,"loc":{"start":{"line":3,"column":17},"end":{"line":3,"column":42}}},"2":{"name":"(anonymous_2)","line":23,"loc":{"start":{"line":23,"column":24},"end":{"line":23,"column":38}}},"3":{"name":"(anonymous_3)","line":35,"loc":{"start":{"line":35,"column":23},"end":{"line":35,"column":40}}},"4":{"name":"(anonymous_4)","line":72,"loc":{"start":{"line":72,"column":26},"end":{"line":72,"column":40}}},"5":{"name":"(anonymous_5)","line":77,"loc":{"start":{"line":77,"column":26},"end":{"line":77,"column":45}}},"6":{"name":"(anonymous_6)","line":83,"loc":{"start":{"line":83,"column":33},"end":{"line":83,"column":48}}},"7":{"name":"(anonymous_7)","line":87,"loc":{"start":{"line":87,"column":27},"end":{"line":87,"column":41}}},"8":{"name":"(anonymous_8)","line":91,"loc":{"start":{"line":91,"column":30},"end":{"line":91,"column":41}}},"9":{"name":"ToXml","line":97,"loc":{"start":{"line":97,"column":0},"end":{"line":97,"column":24}}}},"statementMap":{"1":{"start":{"line":1,"column":0},"end":{"line":1,"column":40}},"2":{"start":{"line":3,"column":0},"end":{"line":21,"column":1}},"3":{"start":{"line":4,"column":4},"end":{"line":6,"column":5}},"4":{"start":{"line":5,"column":8},"end":{"line":5,"column":31}},"5":{"start":{"line":8,"column":4},"end":{"line":8,"column":19}},"6":{"start":{"line":9,"column":4},"end":{"line":17,"column":5}},"7":{"start":{"line":10,"column":8},"end":{"line":14,"column":9}},"8":{"start":{"line":11,"column":12},"end":{"line":11,"column":35}},"9":{"start":{"line":13,"column":12},"end":{"line":13,"column":61}},"10":{"start":{"line":16,"column":8},"end":{"line":16,"column":19}},"11":{"start":{"line":18,"column":4},"end":{"line":18,"column":35}},"12":{"start":{"line":19,"column":4},"end":{"line":19,"column":21}},"13":{"start":{"line":20,"column":4},"end":{"line":20,"column":21}},"14":{"start":{"line":23,"column":0},"end":{"line":70,"column":2}},"15":{"start":{"line":24,"column":4},"end":{"line":24,"column":20}},"16":{"start":{"line":25,"column":4},"end":{"line":25,"column":32}},"17":{"start":{"line":26,"column":4},"end":{"line":26,"column":26}},"18":{"start":{"line":29,"column":4},"end":{"line":45,"column":5}},"19":{"start":{"line":30,"column":8},"end":{"line":30,"column":76}},"20":{"start":{"line":31,"column":8},"end":{"line":31,"column":33}},"21":{"start":{"line":32,"column":8},"end":{"line":44,"column":9}},"22":{"start":{"line":33,"column":12},"end":{"line":33,"column":47}},"23":{"start":{"line":35,"column":12},"end":{"line":43,"column":15}},"24":{"start":{"line":36,"column":16},"end":{"line":42,"column":17}},"25":{"start":{"line":37,"column":20},"end":{"line":41,"column":21}},"26":{"start":{"line":38,"column":24},"end":{"line":38,"column":52}},"27":{"start":{"line":40,"column":24},"end":{"line":40,"column":50}},"28":{"start":{"line":48,"column":4},"end":{"line":68,"column":5}},"29":{"start":{"line":49,"column":8},"end":{"line":49,"column":26}},"30":{"start":{"line":51,"column":8},"end":{"line":67,"column":9}},"31":{"start":{"line":52,"column":12},"end":{"line":52,"column":33}},"32":{"start":{"line":53,"column":12},"end":{"line":53,"column":33}},"33":{"start":{"line":54,"column":12},"end":{"line":62,"column":13}},"34":{"start":{"line":55,"column":16},"end":{"line":55,"column":36}},"35":{"start":{"line":57,"column":16},"end":{"line":61,"column":17}},"36":{"start":{"line":58,"column":20},"end":{"line":58,"column":38}},"37":{"start":{"line":59,"column":20},"end":{"line":59,"column":37}},"38":{"start":{"line":60,"column":20},"end":{"line":60,"column":39}},"39":{"start":{"line":63,"column":15},"end":{"line":67,"column":9}},"40":{"start":{"line":64,"column":12},"end":{"line":64,"column":30}},"41":{"start":{"line":65,"column":12},"end":{"line":65,"column":33}},"42":{"start":{"line":66,"column":12},"end":{"line":66,"column":31}},"43":{"start":{"line":72,"column":0},"end":{"line":76,"column":1}},"44":{"start":{"line":73,"column":4},"end":{"line":73,"column":23}},"45":{"start":{"line":74,"column":4},"end":{"line":74,"column":26}},"46":{"start":{"line":75,"column":4},"end":{"line":75,"column":30}},"47":{"start":{"line":77,"column":0},"end":{"line":82,"column":1}},"48":{"start":{"line":78,"column":4},"end":{"line":80,"column":5}},"49":{"start":{"line":79,"column":8},"end":{"line":79,"column":37}},"50":{"start":{"line":81,"column":4},"end":{"line":81,"column":45}},"51":{"start":{"line":83,"column":0},"end":{"line":86,"column":1}},"52":{"start":{"line":84,"column":4},"end":{"line":84,"column":23}},"53":{"start":{"line":85,"column":4},"end":{"line":85,"column":21}},"54":{"start":{"line":87,"column":0},"end":{"line":90,"column":1}},"55":{"start":{"line":88,"column":4},"end":{"line":88,"column":23}},"56":{"start":{"line":89,"column":4},"end":{"line":89,"column":33}},"57":{"start":{"line":91,"column":0},"end":{"line":96,"column":1}},"58":{"start":{"line":92,"column":4},"end":{"line":95,"column":5}},"59":{"start":{"line":93,"column":8},"end":{"line":93,"column":24}},"60":{"start":{"line":94,"column":8},"end":{"line":94,"column":35}},"61":{"start":{"line":97,"column":0},"end":{"line":111,"column":1}},"62":{"start":{"line":98,"column":4},"end":{"line":100,"column":6}},"63":{"start":{"line":102,"column":4},"end":{"line":106,"column":5}},"64":{"start":{"line":103,"column":8},"end":{"line":105,"column":9}},"65":{"start":{"line":104,"column":12},"end":{"line":104,"column":44}},"66":{"start":{"line":108,"column":4},"end":{"line":108,"column":31}},"67":{"start":{"line":109,"column":4},"end":{"line":109,"column":18}},"68":{"start":{"line":110,"column":4},"end":{"line":110,"column":31}}},"branchMap":{"1":{"line":4,"type":"if","locations":[{"start":{"line":4,"column":4},"end":{"line":4,"column":4}},{"start":{"line":4,"column":4},"end":{"line":4,"column":4}}]},"2":{"line":9,"type":"if","locations":[{"start":{"line":9,"column":4},"end":{"line":9,"column":4}},{"start":{"line":9,"column":4},"end":{"line":9,"column":4}}]},"3":{"line":32,"type":"if","locations":[{"start":{"line":32,"column":8},"end":{"line":32,"column":8}},{"start":{"line":32,"column":8},"end":{"line":32,"column":8}}]},"4":{"line":32,"type":"binary-expr","locations":[{"start":{"line":32,"column":12},"end":{"line":32,"column":28}},{"start":{"line":32,"column":32},"end":{"line":32,"column":48}},{"start":{"line":32,"column":52},"end":{"line":32,"column":69}},{"start":{"line":32,"column":73},"end":{"line":32,"column":80}}]},"5":{"line":33,"type":"cond-expr","locations":[{"start":{"line":33,"column":31},"end":{"line":33,"column":36}},{"start":{"line":33,"column":39},"end":{"line":33,"column":46}}]},"6":{"line":36,"type":"if","locations":[{"start":{"line":36,"column":16},"end":{"line":36,"column":16}},{"start":{"line":36,"column":16},"end":{"line":36,"column":16}}]},"7":{"line":37,"type":"if","locations":[{"start":{"line":37,"column":20},"end":{"line":37,"column":20}},{"start":{"line":37,"column":20},"end":{"line":37,"column":20}}]},"8":{"line":51,"type":"if","locations":[{"start":{"line":51,"column":8},"end":{"line":51,"column":8}},{"start":{"line":51,"column":8},"end":{"line":51,"column":8}}]},"9":{"line":57,"type":"if","locations":[{"start":{"line":57,"column":16},"end":{"line":57,"column":16}},{"start":{"line":57,"column":16},"end":{"line":57,"column":16}}]},"10":{"line":63,"type":"if","locations":[{"start":{"line":63,"column":15},"end":{"line":63,"column":15}},{"start":{"line":63,"column":15},"end":{"line":63,"column":15}}]},"11":{"line":78,"type":"if","locations":[{"start":{"line":78,"column":4},"end":{"line":78,"column":4}},{"start":{"line":78,"column":4},"end":{"line":78,"column":4}}]},"12":{"line":92,"type":"if","locations":[{"start":{"line":92,"column":4},"end":{"line":92,"column":4}},{"start":{"line":92,"column":4},"end":{"line":92,"column":4}}]},"13":{"line":102,"type":"if","locations":[{"start":{"line":102,"column":4},"end":{"line":102,"column":4}},{"start":{"line":102,"column":4},"end":{"line":102,"column":4}}]}}},"C:\\Users\\Yz\\Dropbox\\CODINGs\\xml-js-json\\lib\\sanitize.js":{"path":"C:\\Users\\Yz\\Dropbox\\CODINGs\\xml-js-json\\lib\\sanitize.js","s":{"1":1,"2":1,"3":0,"4":1,"5":0,"6":0,"7":0,"8":0,"9":0},"b":{"1":[0,0]},"f":{"1":0,"2":0,"3":0},"fnMap":{"1":{"name":"escapeRegExp","line":26,"loc":{"start":{"line":26,"column":0},"end":{"line":26,"column":30}}},"2":{"name":"sanitize","line":30,"loc":{"start":{"line":30,"column":19},"end":{"line":30,"column":44}}},"3":{"name":"(anonymous_3)","line":35,"loc":{"start":{"line":35,"column":31},"end":{"line":35,"column":45}}}},"statementMap":{"1":{"start":{"line":15,"column":0},"end":{"line":24,"column":2}},"2":{"start":{"line":26,"column":0},"end":{"line":28,"column":1}},"3":{"start":{"line":27,"column":4},"end":{"line":27,"column":65}},"4":{"start":{"line":30,"column":0},"end":{"line":40,"column":1}},"5":{"start":{"line":31,"column":4},"end":{"line":33,"column":5}},"6":{"start":{"line":32,"column":8},"end":{"line":32,"column":21}},"7":{"start":{"line":35,"column":4},"end":{"line":37,"column":7}},"8":{"start":{"line":36,"column":8},"end":{"line":36,"column":78}},"9":{"start":{"line":39,"column":4},"end":{"line":39,"column":17}}},"branchMap":{"1":{"line":31,"type":"if","locations":[{"start":{"line":31,"column":4},"end":{"line":31,"column":4}},{"start":{"line":31,"column":4},"end":{"line":31,"column":4}}]}}},"C:\\Users\\Yz\\Dropbox\\CODINGs\\xml-js-json\\lib\\js2xml.js":{"path":"C:\\Users\\Yz\\Dropbox\\CODINGs\\xml-js-json\\lib\\js2xml.js","s":{"1":1,"2":12,"3":12,"4":12,"5":12,"6":12,"7":12,"8":1,"9":12,"10":1,"11":12,"12":1,"13":12,"14":12,"15":12,"16":2,"17":2,"18":12,"19":10,"20":12,"21":1,"22":15,"23":15,"24":15,"25":17,"26":12,"27":3,"28":0,"29":2,"30":1,"31":12,"32":12,"33":12,"34":12,"35":12,"36":5,"37":5,"38":5,"39":5,"40":5,"41":7,"42":12,"43":1,"44":2,"45":1,"46":14,"47":14,"48":5,"49":5,"50":14,"51":1,"52":3,"53":1,"54":0,"55":1,"56":2},"b":{"1":[12,0],"2":[12,0],"3":[12,11,11],"4":[12,0],"5":[1,11],"6":[12,11],"7":[1,11],"8":[12,11],"9":[2,10],"10":[0,2],"11":[10,2],"12":[12,12],"13":[15,10],"14":[12,3,0,2],"15":[12,0],"16":[5,7],"17":[12,12,5,7,7],"18":[5,0],"19":[5,5],"20":[0,5],"21":[0,5],"22":[0,7],"23":[5,0]},"f":{"1":12,"2":12,"3":15,"4":17,"5":12,"6":2,"7":14,"8":3,"9":0,"10":2},"fnMap":{"1":{"name":"validateOptions","line":3,"loc":{"start":{"line":3,"column":0},"end":{"line":3,"column":35}}},"2":{"name":"(anonymous_2)","line":20,"loc":{"start":{"line":20,"column":17},"end":{"line":20,"column":40}}},"3":{"name":"writeElements","line":34,"loc":{"start":{"line":34,"column":0},"end":{"line":34,"column":49}}},"4":{"name":"(anonymous_4)","line":37,"loc":{"start":{"line":37,"column":27},"end":{"line":37,"column":51}}},"5":{"name":"writeElement","line":47,"loc":{"start":{"line":47,"column":0},"end":{"line":47,"column":47}}},"6":{"name":"writeDeclaration","line":66,"loc":{"start":{"line":66,"column":0},"end":{"line":66,"column":39}}},"7":{"name":"writeAttributes","line":70,"loc":{"start":{"line":70,"column":0},"end":{"line":70,"column":37}}},"8":{"name":"writeComment","line":80,"loc":{"start":{"line":80,"column":0},"end":{"line":80,"column":31}}},"9":{"name":"writeCdata","line":84,"loc":{"start":{"line":84,"column":0},"end":{"line":84,"column":27}}},"10":{"name":"writeText","line":88,"loc":{"start":{"line":88,"column":0},"end":{"line":88,"column":25}}}},"statementMap":{"1":{"start":{"line":3,"column":0},"end":{"line":18,"column":1}},"2":{"start":{"line":4,"column":4},"end":{"line":4,"column":28}},"3":{"start":{"line":5,"column":4},"end":{"line":7,"column":5}},"4":{"start":{"line":6,"column":8},"end":{"line":6,"column":27}},"5":{"start":{"line":8,"column":4},"end":{"line":10,"column":5}},"6":{"start":{"line":9,"column":8},"end":{"line":9,"column":61}},"7":{"start":{"line":11,"column":4},"end":{"line":13,"column":5}},"8":{"start":{"line":12,"column":8},"end":{"line":12,"column":39}},"9":{"start":{"line":14,"column":4},"end":{"line":16,"column":5}},"10":{"start":{"line":15,"column":8},"end":{"line":15,"column":44}},"11":{"start":{"line":17,"column":4},"end":{"line":17,"column":19}},"12":{"start":{"line":20,"column":0},"end":{"line":32,"column":2}},"13":{"start":{"line":22,"column":4},"end":{"line":22,"column":39}},"14":{"start":{"line":23,"column":4},"end":{"line":23,"column":17}},"15":{"start":{"line":24,"column":4},"end":{"line":27,"column":5}},"16":{"start":{"line":25,"column":8},"end":{"line":25,"column":48}},"17":{"start":{"line":26,"column":8},"end":{"line":26,"column":44}},"18":{"start":{"line":28,"column":4},"end":{"line":30,"column":5}},"19":{"start":{"line":29,"column":8},"end":{"line":29,"column":51}},"20":{"start":{"line":31,"column":4},"end":{"line":31,"column":15}},"21":{"start":{"line":34,"column":0},"end":{"line":45,"column":1}},"22":{"start":{"line":35,"column":4},"end":{"line":35,"column":23}},"23":{"start":{"line":36,"column":4},"end":{"line":36,"column":52}},"24":{"start":{"line":37,"column":4},"end":{"line":44,"column":11}},"25":{"start":{"line":38,"column":8},"end":{"line":43,"column":9}},"26":{"start":{"line":39,"column":28},"end":{"line":39,"column":85}},"27":{"start":{"line":40,"column":28},"end":{"line":40,"column":74}},"28":{"start":{"line":41,"column":26},"end":{"line":41,"column":70}},"29":{"start":{"line":42,"column":25},"end":{"line":42,"column":68}},"30":{"start":{"line":47,"column":0},"end":{"line":64,"column":1}},"31":{"start":{"line":48,"column":4},"end":{"line":48,"column":17}},"32":{"start":{"line":49,"column":4},"end":{"line":49,"column":30}},"33":{"start":{"line":50,"column":4},"end":{"line":52,"column":5}},"34":{"start":{"line":51,"column":8},"end":{"line":51,"column":51}},"35":{"start":{"line":53,"column":4},"end":{"line":62,"column":5}},"36":{"start":{"line":54,"column":8},"end":{"line":54,"column":19}},"37":{"start":{"line":55,"column":8},"end":{"line":58,"column":9}},"38":{"start":{"line":56,"column":12},"end":{"line":56,"column":48}},"39":{"start":{"line":57,"column":12},"end":{"line":57,"column":71}},"40":{"start":{"line":59,"column":8},"end":{"line":59,"column":72}},"41":{"start":{"line":61,"column":8},"end":{"line":61,"column":51}},"42":{"start":{"line":63,"column":4},"end":{"line":63,"column":15}},"43":{"start":{"line":66,"column":0},"end":{"line":68,"column":1}},"44":{"start":{"line":67,"column":4},"end":{"line":67,"column":68}},"45":{"start":{"line":70,"column":0},"end":{"line":78,"column":1}},"46":{"start":{"line":71,"column":4},"end":{"line":71,"column":25}},"47":{"start":{"line":72,"column":4},"end":{"line":76,"column":5}},"48":{"start":{"line":73,"column":8},"end":{"line":75,"column":9}},"49":{"start":{"line":74,"column":12},"end":{"line":74,"column":63}},"50":{"start":{"line":77,"column":4},"end":{"line":77,"column":18}},"51":{"start":{"line":80,"column":0},"end":{"line":82,"column":1}},"52":{"start":{"line":81,"column":4},"end":{"line":81,"column":36}},"53":{"start":{"line":84,"column":0},"end":{"line":86,"column":1}},"54":{"start":{"line":85,"column":4},"end":{"line":85,"column":39}},"55":{"start":{"line":88,"column":0},"end":{"line":90,"column":1}},"56":{"start":{"line":89,"column":4},"end":{"line":89,"column":131}}},"branchMap":{"1":{"line":4,"type":"binary-expr","locations":[{"start":{"line":4,"column":14},"end":{"line":4,"column":21}},{"start":{"line":4,"column":25},"end":{"line":4,"column":27}}]},"2":{"line":5,"type":"if","locations":[{"start":{"line":5,"column":4},"end":{"line":5,"column":4}},{"start":{"line":5,"column":4},"end":{"line":5,"column":4}}]},"3":{"line":5,"type":"binary-expr","locations":[{"start":{"line":5,"column":8},"end":{"line":5,"column":30}},{"start":{"line":5,"column":35},"end":{"line":5,"column":69}},{"start":{"line":5,"column":73},"end":{"line":5,"column":104}}]},"4":{"line":8,"type":"if","locations":[{"start":{"line":8,"column":4},"end":{"line":8,"column":4}},{"start":{"line":8,"column":4},"end":{"line":8,"column":4}}]},"5":{"line":11,"type":"if","locations":[{"start":{"line":11,"column":4},"end":{"line":11,"column":4}},{"start":{"line":11,"column":4},"end":{"line":11,"column":4}}]},"6":{"line":11,"type":"binary-expr","locations":[{"start":{"line":11,"column":8},"end":{"line":11,"column":38}},{"start":{"line":11,"column":42},"end":{"line":11,"column":85}}]},"7":{"line":14,"type":"if","locations":[{"start":{"line":14,"column":4},"end":{"line":14,"column":4}},{"start":{"line":14,"column":4},"end":{"line":14,"column":4}}]},"8":{"line":14,"type":"binary-expr","locations":[{"start":{"line":14,"column":8},"end":{"line":14,"column":43}},{"start":{"line":14,"column":47},"end":{"line":14,"column":95}}]},"9":{"line":24,"type":"if","locations":[{"start":{"line":24,"column":4},"end":{"line":24,"column":4}},{"start":{"line":24,"column":4},"end":{"line":24,"column":4}}]},"10":{"line":26,"type":"cond-expr","locations":[{"start":{"line":26,"column":33},"end":{"line":26,"column":37}},{"start":{"line":26,"column":40},"end":{"line":26,"column":42}}]},"11":{"line":28,"type":"if","locations":[{"start":{"line":28,"column":4},"end":{"line":28,"column":4}},{"start":{"line":28,"column":4},"end":{"line":28,"column":4}}]},"12":{"line":28,"type":"binary-expr","locations":[{"start":{"line":28,"column":8},"end":{"line":28,"column":19}},{"start":{"line":28,"column":23},"end":{"line":28,"column":41}}]},"13":{"line":35,"type":"binary-expr","locations":[{"start":{"line":35,"column":12},"end":{"line":35,"column":17}},{"start":{"line":35,"column":21},"end":{"line":35,"column":22}}]},"14":{"line":38,"type":"switch","locations":[{"start":{"line":39,"column":12},"end":{"line":39,"column":85}},{"start":{"line":40,"column":12},"end":{"line":40,"column":74}},{"start":{"line":41,"column":12},"end":{"line":41,"column":70}},{"start":{"line":42,"column":12},"end":{"line":42,"column":68}}]},"15":{"line":50,"type":"if","locations":[{"start":{"line":50,"column":4},"end":{"line":50,"column":4}},{"start":{"line":50,"column":4},"end":{"line":50,"column":4}}]},"16":{"line":53,"type":"if","locations":[{"start":{"line":53,"column":4},"end":{"line":53,"column":4}},{"start":{"line":53,"column":4},"end":{"line":53,"column":4}}]},"17":{"line":53,"type":"binary-expr","locations":[{"start":{"line":53,"column":8},"end":{"line":53,"column":35}},{"start":{"line":53,"column":40},"end":{"line":53,"column":56}},{"start":{"line":53,"column":60},"end":{"line":53,"column":83}},{"start":{"line":53,"column":89},"end":{"line":53,"column":107}},{"start":{"line":53,"column":111},"end":{"line":53,"column":157}}]},"18":{"line":55,"type":"if","locations":[{"start":{"line":55,"column":8},"end":{"line":55,"column":8}},{"start":{"line":55,"column":8},"end":{"line":55,"column":8}}]},"19":{"line":55,"type":"binary-expr","locations":[{"start":{"line":55,"column":12},"end":{"line":55,"column":28}},{"start":{"line":55,"column":32},"end":{"line":55,"column":55}}]},"20":{"line":56,"type":"cond-expr","locations":[{"start":{"line":56,"column":37},"end":{"line":56,"column":41}},{"start":{"line":56,"column":44},"end":{"line":56,"column":46}}]},"21":{"line":59,"type":"cond-expr","locations":[{"start":{"line":59,"column":61},"end":{"line":59,"column":65}},{"start":{"line":59,"column":68},"end":{"line":59,"column":70}}]},"22":{"line":61,"type":"cond-expr","locations":[{"start":{"line":61,"column":40},"end":{"line":61,"column":44}},{"start":{"line":61,"column":47},"end":{"line":61,"column":49}}]},"23":{"line":73,"type":"if","locations":[{"start":{"line":73,"column":8},"end":{"line":73,"column":8}},{"start":{"line":73,"column":8},"end":{"line":73,"column":8}}]}}}}